<?xml version="1.0" encoding="UTF-8"?>
<!-- Generated by org.testng.reporters.JUnitReportReporter -->
<testsuite hostname="DESKTOP-NKLKUAM" failures="0" tests="1" name="testCases.TC_RF_001" time="11.945" errors="0" timestamp="25 Aug 2022 11:39:25 GMT" skipped="0">
  <testcase classname="testCases.TC_RF_001" name="validating_With_Mandatry_Field" time="11.945"/>
</testsuite> <!-- testCases.TC_RF_001 -->
