<?xml version="1.0" encoding="UTF-8"?>
<!-- Generated by org.testng.reporters.JUnitReportReporter -->
<testsuite hostname="DESKTOP-NKLKUAM" failures="0" tests="1" name="testCases.TC_RF_001" time="0.005" errors="0" timestamp="28 Aug 2022 13:07:07 GMT" skipped="0">
  <testcase classname="testCases.TC_RF_001" name="validating_With_Mandatry_Field" time="0.005"/>
</testsuite> <!-- testCases.TC_RF_001 -->
