<?xml version="1.0" encoding="UTF-8"?>
<!-- Generated by org.testng.reporters.JUnitReportReporter -->
<testsuite hostname="DESKTOP-NKLKUAM" failures="0" tests="1" name="WebDriverManager.WebDriverConfig" time="32.780" errors="0" timestamp="29 Aug 2022 07:02:58 GMT" skipped="0">
  <testcase classname="WebDriverManager.WebDriverConfig" name="BeforeClass" time="32.780"/>
</testsuite> <!-- WebDriverManager.WebDriverConfig -->
