<?xml version="1.0" encoding="UTF-8"?>
<!-- Generated by org.testng.reporters.JUnitReportReporter -->
<testsuite hostname="DESKTOP-NKLKUAM" failures="0" tests="1" name="testCases.TC_RF_003" time="0.032" errors="0" timestamp="29 Aug 2022 07:01:45 GMT" skipped="0">
  <testcase classname="testCases.TC_RF_003" name="Validate_Registering_providing_all_the_fields" time="0.032"/>
</testsuite> <!-- testCases.TC_RF_003 -->
